# JRE version: Java(TM) SE Runtime Environment (8.0_65-b17) (build 1.8.0_65-b17)
# Java VM: Java HotSpot(TM) Client VM (25.65-b01 mixed mode, sharing windows-x86 )
Heap:
 def new generation   total 4928K, used 2296K [0x03a00000, 0x03f50000, 0x08f50000)
  eden space 4416K,  51% used [0x03a00000, 0x03c3def8, 0x03e50000)
  from space 512K,   0% used [0x03ed0000, 0x03ed0478, 0x03f50000)
  to   space 512K,   0% used [0x03e50000, 0x03e50000, 0x03ed0000)
 tenured generation   total 10944K, used 7687K [0x08f50000, 0x09a00000, 0x13a00000)
   the space 10944K,  70% used [0x08f50000, 0x096d1e20, 0x096d2000, 0x09a00000)
 Metaspace       used 1110K, capacity 2699K, committed 2752K, reserved 4480K
GC Heap History (10 events):
Event: 745.671 GC heap before
{Heap before GC invocations=2194 (full 0):
 def new generation   total 4928K, used 4417K [0x03a00000, 0x03f50000, 0x08f50000)
  eden space 4416K, 100% used [0x03a00000, 0x03e50000, 0x03e50000)
  from space 512K,   0% used [0x03e50000, 0x03e50518, 0x03ed0000)
  to   space 512K,   0% used [0x03ed0000, 0x03ed0000, 0x03f50000)
 tenured generation   total 10944K, used 7687K [0x08f50000, 0x09a00000, 0x13a00000)
   the space 10944K,  70% used [0x08f50000, 0x096d1d98, 0x096d1e00, 0x09a00000)
 Metaspace       used 1103K, capacity 2699K, committed 2752K, reserved 4480K
Event: 745.673 GC heap after
Heap after GC invocations=2195 (full 0):
 def new generation   total 4928K, used 1K [0x03a00000, 0x03f50000, 0x08f50000)
  eden space 4416K,   0% used [0x03a00000, 0x03a00000, 0x03e50000)
  from space 512K,   0% used [0x03ed0000, 0x03ed0528, 0x03f50000)
  to   space 512K,   0% used [0x03e50000, 0x03e50000, 0x03ed0000)
 tenured generation   total 10944K, used 7687K [0x08f50000, 0x09a00000, 0x13a00000)
   the space 10944K,  70% used [0x08f50000, 0x096d1d98, 0x096d1e00, 0x09a00000)
 Metaspace       used 1103K, capacity 2699K, committed 2752K, reserved 4480K
}
Event: 748.003 GC heap before
{Heap before GC invocations=2195 (full 0):
 def new generation   total 4928K, used 4417K [0x03a00000, 0x03f50000, 0x08f50000)
  eden space 4416K, 100% used [0x03a00000, 0x03e50000, 0x03e50000)
  from space 512K,   0% used [0x03ed0000, 0x03ed0528, 0x03f50000)
  to   space 512K,   0% used [0x03e50000, 0x03e50000, 0x03ed0000)
 tenured generation   total 10944K, used 7687K [0x08f50000, 0x09a00000, 0x13a00000)
   the space 10944K,  70% used [0x08f50000, 0x096d1d98, 0x096d1e00, 0x09a00000)
 Metaspace       used 1103K, capacity 2699K, committed 2752K, reserved 4480K
Event: 748.004 GC heap after
Heap after GC invocations=2196 (full 0):
 def new generation   total 4928K, used 0K [0x03a00000, 0x03f50000, 0x08f50000)
  eden space 4416K,   0% used [0x03a00000, 0x03a00000, 0x03e50000)
  from space 512K,   0% used [0x03e50000, 0x03e503e0, 0x03ed0000)
  to   space 512K,   0% used [0x03ed0000, 0x03ed0000, 0x03f50000)
 tenured generation   total 10944K, used 7687K [0x08f50000, 0x09a00000, 0x13a00000)
   the space 10944K,  70% used [0x08f50000, 0x096d1d98, 0x096d1e00, 0x09a00000)
 Metaspace       used 1103K, capacity 2699K, committed 2752K, reserved 4480K
}
Event: 750.307 GC heap before
{Heap before GC invocations=2196 (full 0):
 def new generation   total 4928K, used 4416K [0x03a00000, 0x03f50000, 0x08f50000)
  eden space 4416K, 100% used [0x03a00000, 0x03e50000, 0x03e50000)
  from space 512K,   0% used [0x03e50000, 0x03e503e0, 0x03ed0000)
  to   space 512K,   0% used [0x03ed0000, 0x03ed0000, 0x03f50000)
 tenured generation   total 10944K, used 7687K [0x08f50000, 0x09a00000, 0x13a00000)
   the space 10944K,  70% used [0x08f50000, 0x096d1d98, 0x096d1e00, 0x09a00000)
 Metaspace       used 1103K, capacity 2699K, committed 2752K, reserved 4480K
Event: 750.309 GC heap after
Heap after GC invocations=2197 (full 0):
 def new generation   total 4928K, used 1K [0x03a00000, 0x03f50000, 0x08f50000)
  eden space 4416K,   0% used [0x03a00000, 0x03a00000, 0x03e50000)
  from space 512K,   0% used [0x03ed0000, 0x03ed0450, 0x03f50000)
  to   space 512K,   0% used [0x03e50000, 0x03e50000, 0x03ed0000)
 tenured generation   total 10944K, used 7687K [0x08f50000, 0x09a00000, 0x13a00000)
   the space 10944K,  70% used [0x08f50000, 0x096d1d98, 0x096d1e00, 0x09a00000)
 Metaspace       used 1103K, capacity 2699K, committed 2752K, reserved 4480K
}
Event: 752.602 GC heap before
{Heap before GC invocations=2197 (full 0):
 def new generation   total 4928K, used 4417K [0x03a00000, 0x03f50000, 0x08f50000)
  eden space 4416K, 100% used [0x03a00000, 0x03e50000, 0x03e50000)
  from space 512K,   0% used [0x03ed0000, 0x03ed0450, 0x03f50000)
  to   space 512K,   0% used [0x03e50000, 0x03e50000, 0x03ed0000)
 tenured generation   total 10944K, used 7687K [0x08f50000, 0x09a00000, 0x13a00000)
   the space 10944K,  70% used [0x08f50000, 0x096d1d98, 0x096d1e00, 0x09a00000)
 Metaspace       used 1103K, capacity 2699K, committed 2752K, reserved 4480K
Event: 752.603 GC heap after
Heap after GC invocations=2198 (full 0):
 def new generation   total 4928K, used 1K [0x03a00000, 0x03f50000, 0x08f50000)
  eden space 4416K,   0% used [0x03a00000, 0x03a00000, 0x03e50000)
  from space 512K,   0% used [0x03e50000, 0x03e50510, 0x03ed0000)
  to   space 512K,   0% used [0x03ed0000, 0x03ed0000, 0x03f50000)
 tenured generation   total 10944K, used 7687K [0x08f50000, 0x09a00000, 0x13a00000)
   the space 10944K,  70% used [0x08f50000, 0x096d1e20, 0x096d2000, 0x09a00000)
 Metaspace       used 1103K, capacity 2699K, committed 2752K, reserved 4480K
}
Event: 755.004 GC heap before
{Heap before GC invocations=2198 (full 0):
 def new generation   total 4928K, used 4417K [0x03a00000, 0x03f50000, 0x08f50000)
  eden space 4416K, 100% used [0x03a00000, 0x03e50000, 0x03e50000)
  from space 512K,   0% used [0x03e50000, 0x03e50510, 0x03ed0000)
  to   space 512K,   0% used [0x03ed0000, 0x03ed0000, 0x03f50000)
 tenured generation   total 10944K, used 7687K [0x08f50000, 0x09a00000, 0x13a00000)
   the space 10944K,  70% used [0x08f50000, 0x096d1e20, 0x096d2000, 0x09a00000)
 Metaspace       used 1103K, capacity 2699K, committed 2752K, reserved 4480K
Event: 755.005 GC heap after
Heap after GC invocations=2199 (full 0):
 def new generation   total 4928K, used 1K [0x03a00000, 0x03f50000, 0x08f50000)
  eden space 4416K,   0% used [0x03a00000, 0x03a00000, 0x03e50000)
  from space 512K,   0% used [0x03ed0000, 0x03ed0478, 0x03f50000)
  to   space 512K,   0% used [0x03e50000, 0x03e50000, 0x03ed0000)
 tenured generation   total 10944K, used 7687K [0x08f50000, 0x09a00000, 0x13a00000)
   the space 10944K,  70% used [0x08f50000, 0x096d1e20, 0x096d2000, 0x09a00000)
 Metaspace       used 1103K, capacity 2699K, committed 2752K, reserved 4480K
}

