# JRE version: Java(TM) SE Runtime Environment (8.0_65-b17) (build 1.8.0_65-b17)
# Java VM: Java HotSpot(TM) Client VM (25.65-b01 mixed mode, sharing windows-x86 )
Heap:
 def new generation   total 4928K, used 853K [0x03a00000, 0x03f50000, 0x08f50000)
  eden space 4416K,  18% used [0x03a00000, 0x03acf020, 0x03e50000)
  from space 512K,   5% used [0x03ed0000, 0x03ed6670, 0x03f50000)
  to   space 512K,   0% used [0x03e50000, 0x03e50000, 0x03ed0000)
 tenured generation   total 10944K, used 6018K [0x08f50000, 0x09a00000, 0x13a00000)
   the space 10944K,  54% used [0x08f50000, 0x09530b80, 0x09530c00, 0x09a00000)
 Metaspace       used 1079K, capacity 2664K, committed 2752K, reserved 4480K
GC Heap History (10 events):
Event: 3.413 GC heap before
{Heap before GC invocations=4 (full 0):
 def new generation   total 4928K, used 4928K [0x03a00000, 0x03f50000, 0x08f50000)
  eden space 4416K, 100% used [0x03a00000, 0x03e50000, 0x03e50000)
  from space 512K, 100% used [0x03e50000, 0x03ed0000, 0x03ed0000)
  to   space 512K,   0% used [0x03ed0000, 0x03ed0000, 0x03f50000)
 tenured generation   total 10944K, used 5509K [0x08f50000, 0x09a00000, 0x13a00000)
   the space 10944K,  50% used [0x08f50000, 0x094b1408, 0x094b1600, 0x09a00000)
 Metaspace       used 1070K, capacity 2664K, committed 2752K, reserved 4480K
Event: 3.417 GC heap after
Heap after GC invocations=5 (full 0):
 def new generation   total 4928K, used 9K [0x03a00000, 0x03f50000, 0x08f50000)
  eden space 4416K,   0% used [0x03a00000, 0x03a00000, 0x03e50000)
  from space 512K,   1% used [0x03ed0000, 0x03ed2570, 0x03f50000)
  to   space 512K,   0% used [0x03e50000, 0x03e50000, 0x03ed0000)
 tenured generation   total 10944K, used 6018K [0x08f50000, 0x09a00000, 0x13a00000)
   the space 10944K,  54% used [0x08f50000, 0x09530b80, 0x09530c00, 0x09a00000)
 Metaspace       used 1070K, capacity 2664K, committed 2752K, reserved 4480K
}
Event: 4.465 GC heap before
{Heap before GC invocations=5 (full 0):
 def new generation   total 4928K, used 4425K [0x03a00000, 0x03f50000, 0x08f50000)
  eden space 4416K, 100% used [0x03a00000, 0x03e50000, 0x03e50000)
  from space 512K,   1% used [0x03ed0000, 0x03ed2570, 0x03f50000)
  to   space 512K,   0% used [0x03e50000, 0x03e50000, 0x03ed0000)
 tenured generation   total 10944K, used 6018K [0x08f50000, 0x09a00000, 0x13a00000)
   the space 10944K,  54% used [0x08f50000, 0x09530b80, 0x09530c00, 0x09a00000)
 Metaspace       used 1072K, capacity 2664K, committed 2752K, reserved 4480K
Event: 4.467 GC heap after
Heap after GC invocations=6 (full 0):
 def new generation   total 4928K, used 25K [0x03a00000, 0x03f50000, 0x08f50000)
  eden space 4416K,   0% used [0x03a00000, 0x03a00000, 0x03e50000)
  from space 512K,   5% used [0x03e50000, 0x03e566d0, 0x03ed0000)
  to   space 512K,   0% used [0x03ed0000, 0x03ed0000, 0x03f50000)
 tenured generation   total 10944K, used 6018K [0x08f50000, 0x09a00000, 0x13a00000)
   the space 10944K,  54% used [0x08f50000, 0x09530b80, 0x09530c00, 0x09a00000)
 Metaspace       used 1072K, capacity 2664K, committed 2752K, reserved 4480K
}
Event: 6.299 GC heap before
{Heap before GC invocations=6 (full 0):
 def new generation   total 4928K, used 4441K [0x03a00000, 0x03f50000, 0x08f50000)
  eden space 4416K, 100% used [0x03a00000, 0x03e50000, 0x03e50000)
  from space 512K,   5% used [0x03e50000, 0x03e566d0, 0x03ed0000)
  to   space 512K,   0% used [0x03ed0000, 0x03ed0000, 0x03f50000)
 tenured generation   total 10944K, used 6018K [0x08f50000, 0x09a00000, 0x13a00000)
   the space 10944K,  54% used [0x08f50000, 0x09530b80, 0x09530c00, 0x09a00000)
 Metaspace       used 1072K, capacity 2664K, committed 2752K, reserved 4480K
Event: 6.300 GC heap after
Heap after GC invocations=7 (full 0):
 def new generation   total 4928K, used 25K [0x03a00000, 0x03f50000, 0x08f50000)
  eden space 4416K,   0% used [0x03a00000, 0x03a00000, 0x03e50000)
  from space 512K,   4% used [0x03ed0000, 0x03ed65a8, 0x03f50000)
  to   space 512K,   0% used [0x03e50000, 0x03e50000, 0x03ed0000)
 tenured generation   total 10944K, used 6018K [0x08f50000, 0x09a00000, 0x13a00000)
   the space 10944K,  54% used [0x08f50000, 0x09530b80, 0x09530c00, 0x09a00000)
 Metaspace       used 1072K, capacity 2664K, committed 2752K, reserved 4480K
}
Event: 8.131 GC heap before
{Heap before GC invocations=7 (full 0):
 def new generation   total 4928K, used 4441K [0x03a00000, 0x03f50000, 0x08f50000)
  eden space 4416K, 100% used [0x03a00000, 0x03e50000, 0x03e50000)
  from space 512K,   4% used [0x03ed0000, 0x03ed65a8, 0x03f50000)
  to   space 512K,   0% used [0x03e50000, 0x03e50000, 0x03ed0000)
 tenured generation   total 10944K, used 6018K [0x08f50000, 0x09a00000, 0x13a00000)
   the space 10944K,  54% used [0x08f50000, 0x09530b80, 0x09530c00, 0x09a00000)
 Metaspace       used 1072K, capacity 2664K, committed 2752K, reserved 4480K
Event: 8.132 GC heap after
Heap after GC invocations=8 (full 0):
 def new generation   total 4928K, used 25K [0x03a00000, 0x03f50000, 0x08f50000)
  eden space 4416K,   0% used [0x03a00000, 0x03a00000, 0x03e50000)
  from space 512K,   4% used [0x03e50000, 0x03e565d0, 0x03ed0000)
  to   space 512K,   0% used [0x03ed0000, 0x03ed0000, 0x03f50000)
 tenured generation   total 10944K, used 6018K [0x08f50000, 0x09a00000, 0x13a00000)
   the space 10944K,  54% used [0x08f50000, 0x09530b80, 0x09530c00, 0x09a00000)
 Metaspace       used 1072K, capacity 2664K, committed 2752K, reserved 4480K
}
Event: 9.965 GC heap before
{Heap before GC invocations=8 (full 0):
 def new generation   total 4928K, used 4441K [0x03a00000, 0x03f50000, 0x08f50000)
  eden space 4416K, 100% used [0x03a00000, 0x03e50000, 0x03e50000)
  from space 512K,   4% used [0x03e50000, 0x03e565d0, 0x03ed0000)
  to   space 512K,   0% used [0x03ed0000, 0x03ed0000, 0x03f50000)
 tenured generation   total 10944K, used 6018K [0x08f50000, 0x09a00000, 0x13a00000)
   the space 10944K,  54% used [0x08f50000, 0x09530b80, 0x09530c00, 0x09a00000)
 Metaspace       used 1072K, capacity 2664K, committed 2752K, reserved 4480K
Event: 9.966 GC heap after
Heap after GC invocations=9 (full 0):
 def new generation   total 4928K, used 25K [0x03a00000, 0x03f50000, 0x08f50000)
  eden space 4416K,   0% used [0x03a00000, 0x03a00000, 0x03e50000)
  from space 512K,   5% used [0x03ed0000, 0x03ed6670, 0x03f50000)
  to   space 512K,   0% used [0x03e50000, 0x03e50000, 0x03ed0000)
 tenured generation   total 10944K, used 6018K [0x08f50000, 0x09a00000, 0x13a00000)
   the space 10944K,  54% used [0x08f50000, 0x09530b80, 0x09530c00, 0x09a00000)
 Metaspace       used 1072K, capacity 2664K, committed 2752K, reserved 4480K
}

